<?xml version="1.0" encoding="UTF-8"?>
<!-- Generated by org.testng.reporters.JUnitReportReporter -->
<testsuite hostname="WKWIN2649591" name="com.learning.api.RestDemo.NewTest" tests="1" failures="0" timestamp="9 Jul 2020 03:14:13 GMT" time="0.008" errors="0">
  <testcase name="f" time="0.008" classname="com.learning.api.RestDemo.NewTest"/>
</testsuite> <!-- com.learning.api.RestDemo.NewTest -->
