<?xml version="1.0" encoding="UTF-8"?>
<!-- Generated by org.testng.reporters.JUnitReportReporter -->
<testsuite hostname="WKWIN2649591" name="Test.NewTest" tests="2" failures="0" timestamp="7 Oct 2020 12:00:48 GMT" time="2.895" errors="0">
  <testcase name="addUser" time="0.446" classname="Test.NewTest"/>
  <testcase name="addUser" time="2.449" classname="Test.NewTest"/>
</testsuite> <!-- Test.NewTest -->
