<?xml version="1.0" encoding="UTF-8"?>
<!-- Generated by org.testng.reporters.JUnitReportReporter -->
<testsuite hostname="WKWIN2649591" name="com.learning.api.RestDemo.FirstTestNGClass" tests="1" failures="0" timestamp="10 Jul 2020 02:28:49 GMT" time="0.009" errors="0">
  <testcase name="f" time="0.009" classname="com.learning.api.RestDemo.FirstTestNGClass"/>
</testsuite> <!-- com.learning.api.RestDemo.FirstTestNGClass -->
