<?xml version="1.0" encoding="UTF-8"?>
<!-- Generated by org.testng.reporters.JUnitReportReporter -->
<testsuite hostname="WKWIN2649591" name="com.learning.api.RestDemo.TestCase2" tests="1" failures="0" timestamp="22 May 2021 23:02:44 GMT" time="3.015" errors="0">
  <testcase name="f" time="3.015" classname="com.learning.api.RestDemo.TestCase2"/>
</testsuite> <!-- com.learning.api.RestDemo.TestCase2 -->
