<?xml version="1.0" encoding="UTF-8"?>
<!-- Generated by org.testng.reporters.JUnitReportReporter -->
<testsuite hostname="WKWIN2649591" name="Test.ToolsQAGET" tests="1" failures="0" timestamp="31 May 2021 22:33:38 GMT" time="2.020" errors="0">
  <testcase name="GetWeatherDetails" time="2.020" classname="Test.ToolsQAGET"/>
</testsuite> <!-- Test.ToolsQAGET -->
