<?xml version="1.0" encoding="UTF-8"?>
<!-- Generated by org.testng.reporters.JUnitReportReporter -->
<testsuite hostname="WKWIN2649591" name="com.learning.api.RestDemo.RestAssuredFirstClass" tests="1" failures="0" timestamp="10 Jul 2020 02:52:13 GMT" time="1.710" errors="0">
  <testcase name="f" time="1.710" classname="com.learning.api.RestDemo.RestAssuredFirstClass"/>
</testsuite> <!-- com.learning.api.RestDemo.RestAssuredFirstClass -->
