<?xml version="1.0" encoding="UTF-8"?>
<!-- Generated by org.testng.reporters.JUnitReportReporter -->
<testsuite hostname="WKWIN2649591" name="Test.NewTest" tests="1" failures="0" timestamp="8 Oct 2020 03:35:39 GMT" time="1.464" errors="0">
  <testcase name="addUser" time="1.464" classname="Test.NewTest"/>
</testsuite> <!-- Test.NewTest -->
