<?xml version="1.0" encoding="UTF-8"?>
<!-- Generated by org.testng.reporters.JUnitReportReporter -->
<testsuite hostname="WKWIN2649591" name="com.learning.api.RestDemo.RestAssuredFirstClass" tests="1" failures="0" timestamp="9 Jul 2020 03:58:35 GMT" time="1.556" errors="0">
  <testcase name="f" time="1.556" classname="com.learning.api.RestDemo.RestAssuredFirstClass"/>
</testsuite> <!-- com.learning.api.RestDemo.RestAssuredFirstClass -->
