<?xml version="1.0" encoding="UTF-8"?>
<!-- Generated by org.testng.reporters.JUnitReportReporter -->
<testsuite hostname="WKWIN2649591" name="com.learning.api.RestDemo.RestAssuredFirstClassTest" tests="1" failures="0" timestamp="12 Aug 2020 09:47:49 GMT" time="13.240" errors="0">
  <testcase name="validatePostPustGet" time="13.240" classname="com.learning.api.RestDemo.RestAssuredFirstClassTest"/>
</testsuite> <!-- com.learning.api.RestDemo.RestAssuredFirstClassTest -->
